[20:43:08] [main/INFO]: Loading Minecraft 1.20.1 with Fabric Loader 0.16.3
[20:43:08] [main/INFO]: Loading 4 mods:
	- fabricloader 0.16.3
	   \-- mixinextras 0.4.1
	- java 17
	- minecraft 1.20.1
[20:43:08] [main/INFO]: SpongePowered MIXIN Subsystem Version=0.8.7 Source=file:/workspaces/server-java/servidor_minecraft/libraries/net/fabricmc/sponge-mixin/0.15.2+mixin.0.8.7/sponge-mixin-0.15.2+mixin.0.8.7.jar Service=Knot/Fabric Env=SERVER
[20:43:13] [main/INFO]: Environment: authHost='https://authserver.mojang.com', accountsHost='https://api.mojang.com', sessionHost='https://sessionserver.mojang.com', servicesHost='https://api.minecraftservices.com', name='PROD'
[20:43:15] [main/INFO]: Loaded 7 recipes
[20:43:15] [main/INFO]: Loaded 1271 advancements
[20:43:15] [Server thread/INFO]: Starting minecraft server version 1.20.1
[20:43:15] [Server thread/INFO]: Loading properties
[20:43:15] [Server thread/INFO]: Default game type: SURVIVAL
[20:43:15] [Server thread/INFO]: Generating keypair
[20:43:16] [Server thread/INFO]: Starting Minecraft server on *:25565
[20:43:16] [Server thread/INFO]: Using epoll channel type
[20:43:16] [Server thread/WARN]: **** SERVER IS RUNNING IN OFFLINE/INSECURE MODE!
[20:43:16] [Server thread/WARN]: The server will make no attempt to authenticate usernames. Beware.
[20:43:16] [Server thread/WARN]: While this makes the game possible to play without internet access, it also opens up the ability for hackers to connect with any username they choose.
[20:43:16] [Server thread/WARN]: To change this, set "online-mode" to "true" in the server.properties file.
[20:43:16] [Server thread/INFO]: Preparing level "world"
[20:43:22] [Server thread/INFO]: Preparing start region for dimension minecraft:overworld
[20:43:23] [Worker-Main-3/INFO]: Preparing spawn area: 0%
[20:43:23] [Worker-Main-2/INFO]: Preparing spawn area: 0%
[20:43:23] [Worker-Main-2/INFO]: Preparing spawn area: 0%
[20:43:24] [Worker-Main-1/INFO]: Preparing spawn area: 0%
[20:43:24] [Worker-Main-3/INFO]: Preparing spawn area: 0%
[20:43:24] [Worker-Main-3/INFO]: Preparing spawn area: 0%
[20:43:25] [Worker-Main-3/INFO]: Preparing spawn area: 0%
[20:43:25] [Worker-Main-3/INFO]: Preparing spawn area: 1%
[20:43:26] [Worker-Main-1/INFO]: Preparing spawn area: 1%
[20:43:26] [Worker-Main-1/INFO]: Preparing spawn area: 2%
[20:43:27] [Worker-Main-1/INFO]: Preparing spawn area: 4%
[20:43:29] [Worker-Main-2/INFO]: Preparing spawn area: 4%
[20:43:29] [Worker-Main-2/INFO]: Preparing spawn area: 4%
[20:43:29] [Worker-Main-3/INFO]: Preparing spawn area: 5%
[20:43:29] [Worker-Main-2/INFO]: Preparing spawn area: 6%
[20:43:29] [Worker-Main-2/INFO]: Preparing spawn area: 7%
[20:43:30] [Worker-Main-2/INFO]: Preparing spawn area: 9%
[20:43:30] [Worker-Main-1/INFO]: Preparing spawn area: 11%
[20:43:31] [Worker-Main-2/INFO]: Preparing spawn area: 13%
[20:43:31] [Worker-Main-1/INFO]: Preparing spawn area: 16%
[20:43:32] [Worker-Main-3/INFO]: Preparing spawn area: 17%
[20:43:32] [Worker-Main-2/INFO]: Preparing spawn area: 19%
[20:43:33] [Worker-Main-3/INFO]: Preparing spawn area: 22%
[20:43:33] [Worker-Main-3/INFO]: Preparing spawn area: 23%
[20:43:34] [Worker-Main-3/INFO]: Preparing spawn area: 25%
[20:43:34] [Worker-Main-2/INFO]: Preparing spawn area: 27%
[20:43:35] [Worker-Main-3/INFO]: Preparing spawn area: 30%
[20:43:35] [Worker-Main-2/INFO]: Preparing spawn area: 32%
[20:43:36] [Worker-Main-1/INFO]: Preparing spawn area: 34%
[20:43:36] [Worker-Main-1/INFO]: Preparing spawn area: 36%
[20:43:37] [Worker-Main-2/INFO]: Preparing spawn area: 39%
[20:43:37] [Worker-Main-1/INFO]: Preparing spawn area: 42%
[20:43:38] [Worker-Main-1/INFO]: Preparing spawn area: 44%
[20:43:38] [Worker-Main-1/INFO]: Preparing spawn area: 46%
[20:43:39] [Worker-Main-1/INFO]: Preparing spawn area: 50%
[20:43:39] [Worker-Main-2/INFO]: Preparing spawn area: 53%
[20:43:40] [Worker-Main-1/INFO]: Preparing spawn area: 55%
[20:43:40] [Worker-Main-2/INFO]: Preparing spawn area: 57%
[20:43:41] [Worker-Main-1/INFO]: Preparing spawn area: 60%
[20:43:41] [Worker-Main-1/INFO]: Preparing spawn area: 63%
[20:43:42] [Worker-Main-1/INFO]: Preparing spawn area: 66%
[20:43:42] [Worker-Main-1/INFO]: Preparing spawn area: 68%
[20:43:43] [Worker-Main-1/INFO]: Preparing spawn area: 70%
[20:43:43] [Worker-Main-3/INFO]: Preparing spawn area: 74%
[20:43:44] [Worker-Main-2/INFO]: Preparing spawn area: 77%
[20:43:44] [Worker-Main-3/INFO]: Preparing spawn area: 80%
[20:43:45] [Worker-Main-3/INFO]: Preparing spawn area: 83%
[20:43:45] [Worker-Main-1/INFO]: Preparing spawn area: 84%
[20:43:46] [Worker-Main-2/INFO]: Preparing spawn area: 88%
[20:43:46] [Worker-Main-3/INFO]: Preparing spawn area: 90%
[20:43:47] [Worker-Main-2/INFO]: Preparing spawn area: 93%
[20:43:47] [Worker-Main-2/INFO]: Preparing spawn area: 95%
[20:43:48] [Worker-Main-1/INFO]: Preparing spawn area: 99%
[20:43:48] [Server thread/INFO]: Time elapsed: 26117 ms
[20:43:48] [Server thread/INFO]: Done (32.340s)! For help, type "help"
[20:48:26] [Server thread/INFO]: Taka_la[/127.226.207.163:48333] logged in with entity id 352 at (-5.5, 72.0, -41.5)
[20:48:26] [Server thread/INFO]: Taka_la joined the game
[20:49:13] [Server thread/INFO]: Stopping server
[20:49:13] [Server thread/INFO]: Saving players
